f:\geocode\mapframetool\mapframetool\x64\debug\vc140.pdb
f:\geocode\mapframetool\mapframetool\x64\debug\main.obj
f:\geocode\mapframetool\mapframetool\x64\debug\ui_mapframetool.obj
f:\geocode\mapframetool\mapframetool\x64\debug\moc_ui_mapframetool.obj
f:\geocode\mapframetool\mapframetool\x64\debug\mapframeinfo.obj
f:\geocode\mapframetool\mapframetool\generatedfiles\debug\moc_ui_mapframetool.cpp
f:\geocode\mapframetool\mapframetool\generatedfiles\ui_ui_mapframetool.h
f:\geocode\mapframetool\x64\debug\mapframetool.ilk
f:\geocode\mapframetool\x64\debug\mapframetool.exe
f:\geocode\mapframetool\x64\debug\mapframetool.pdb
f:\geocode\mapframetool\mapframetool\x64\debug\mapframetool.res
f:\geocode\mapframetool\mapframetool\x64\debug\mapframetool.tlog\cl.command.1.tlog
f:\geocode\mapframetool\mapframetool\x64\debug\mapframetool.tlog\cl.read.1.tlog
f:\geocode\mapframetool\mapframetool\x64\debug\mapframetool.tlog\cl.write.1.tlog
f:\geocode\mapframetool\mapframetool\x64\debug\mapframetool.tlog\custombuild.command.1.tlog
f:\geocode\mapframetool\mapframetool\x64\debug\mapframetool.tlog\custombuild.read.1.tlog
f:\geocode\mapframetool\mapframetool\x64\debug\mapframetool.tlog\custombuild.write.1.tlog
f:\geocode\mapframetool\mapframetool\x64\debug\mapframetool.tlog\link.command.1.tlog
f:\geocode\mapframetool\mapframetool\x64\debug\mapframetool.tlog\link.read.1.tlog
f:\geocode\mapframetool\mapframetool\x64\debug\mapframetool.tlog\link.write.1.tlog
f:\geocode\mapframetool\mapframetool\x64\debug\mapframetool.tlog\rc.command.1.tlog
f:\geocode\mapframetool\mapframetool\x64\debug\mapframetool.tlog\rc.read.1.tlog
f:\geocode\mapframetool\mapframetool\x64\debug\mapframetool.tlog\rc.write.1.tlog
